[      66ms] [INFO] %cDownload the React DevTools for a better development experience: https://react.dev/link/react-devtools font-weight:bold @ http://localhost:5173/node_modules/.vite/deps/react-dom_client.js?v=4d0be4ab:14335
[   12292ms] [WARNING] WebSocket connection to 'ws://localhost:5173/ws' failed: WebSocket is closed before the connection is established. @ http://localhost:5173/src/api/ws.ts:46
[   12312ms] [ERROR] %o

%s

%s
 TypeError: channels.map is not a function
    at ChannelSidebar (http://localhost:5173/src/components/ChannelSidebar.tsx:150:24)
    at Object.react_stack_bottom_frame (http://localhost:5173/node_modules/.vite/deps/react-dom_client.js?v=4d0be4ab:12866:12)
    at renderWithHooks (http://localhost:5173/node_modules/.vite/deps/react-dom_client.js?v=4d0be4ab:4213:19)
    at updateFunctionComponent (http://localhost:5173/node_modules/.vite/deps/react-dom_client.js?v=4d0be4ab:5569:16)
    at beginWork (http://localhost:5173/node_modules/.vite/deps/react-dom_client.js?v=4d0be4ab:6140:20)
    at runWithFiberInDEV (http://localhost:5173/node_modules/.vite/deps/react-dom_client.js?v=4d0be4ab:851:66)
    at performUnitOfWork (http://localhost:5173/node_modules/.vite/deps/react-dom_client.js?v=4d0be4ab:8429:92)
    at workLoopSync (http://localhost:5173/node_modules/.vite/deps/react-dom_client.js?v=4d0be4ab:8325:37)
    at renderRootSync (http://localhost:5173/node_modules/.vite/deps/react-dom_client.js?v=4d0be4ab:8309:6)
    at performWorkOnRoot (http://localhost:5173/node_modules/.vite/deps/react-dom_client.js?v=4d0be4ab:7994:27) The above error occurred in the <ChannelSidebar> component. React will try to recreate this component tree from scratch using the error boundary you provided, ErrorBoundary. @ http://localhost:5173/node_modules/.vite/deps/react-dom_client.js?v=4d0be4ab:5273
[   12313ms] [WARNING] WebSocket connection to 'ws://localhost:5173/ws' failed: WebSocket is closed before the connection is established. @ http://localhost:5173/src/api/ws.ts:46
[  261832ms] [INFO] %cDownload the React DevTools for a better development experience: https://react.dev/link/react-devtools font-weight:bold @ http://localhost:5173/node_modules/.vite/deps/react-dom_client.js?v=4d0be4ab:14335
[  261853ms] [WARNING] WebSocket connection to 'ws://localhost:5173/ws' failed: WebSocket is closed before the connection is established. @ http://localhost:5173/src/api/ws.ts:46
[  261857ms] [ERROR] Failed to load resource: the server responded with a status of 502 (Bad Gateway) @ http://localhost:5173/api/channels:0
[  261867ms] [ERROR] WebSocket connection to 'ws://localhost:5173/ws' failed: Connection closed before receiving a handshake response @ http://localhost:5173/src/api/ws.ts:17
[  262861ms] [ERROR] Failed to load resource: the server responded with a status of 502 (Bad Gateway) @ http://localhost:5173/api/channels:0
[  264869ms] [ERROR] WebSocket connection to 'ws://localhost:5173/ws' failed: Connection closed before receiving a handshake response @ http://localhost:5173/src/api/ws.ts:17
[  267872ms] [ERROR] WebSocket connection to 'ws://localhost:5173/ws' failed: Connection closed before receiving a handshake response @ http://localhost:5173/src/api/ws.ts:17
[  299425ms] [ERROR] Failed to load resource: the server responded with a status of 502 (Bad Gateway) @ http://localhost:5173/api/channels:0
[  299427ms] [ERROR] WebSocket connection to 'ws://localhost:5173/ws' failed: Connection closed before receiving a handshake response @ http://localhost:5173/src/api/ws.ts:17
[  302430ms] [ERROR] WebSocket connection to 'ws://localhost:5173/ws' failed: Connection closed before receiving a handshake response @ http://localhost:5173/src/api/ws.ts:17
[  305394ms] [INFO] %cDownload the React DevTools for a better development experience: https://react.dev/link/react-devtools font-weight:bold @ http://localhost:5173/node_modules/.vite/deps/react-dom_client.js?v=4d0be4ab:14335
[  305411ms] [WARNING] WebSocket connection to 'ws://localhost:5173/ws' failed: WebSocket is closed before the connection is established. @ http://localhost:5173/src/api/ws.ts:46
[  305415ms] [ERROR] Failed to load resource: the server responded with a status of 502 (Bad Gateway) @ http://localhost:5173/api/channels:0
[  305425ms] [ERROR] WebSocket connection to 'ws://localhost:5173/ws' failed: Connection closed before receiving a handshake response @ http://localhost:5173/src/api/ws.ts:17
[  306418ms] [ERROR] Failed to load resource: the server responded with a status of 502 (Bad Gateway) @ http://localhost:5173/api/channels:0
[  308427ms] [ERROR] WebSocket connection to 'ws://localhost:5173/ws' failed: Connection closed before receiving a handshake response @ http://localhost:5173/src/api/ws.ts:17
[  311430ms] [ERROR] WebSocket connection to 'ws://localhost:5173/ws' failed: Connection closed before receiving a handshake response @ http://localhost:5173/src/api/ws.ts:17
[  314432ms] [ERROR] WebSocket connection to 'ws://localhost:5173/ws' failed: Connection closed before receiving a handshake response @ http://localhost:5173/src/api/ws.ts:17
[  317434ms] [ERROR] WebSocket connection to 'ws://localhost:5173/ws' failed: Connection closed before receiving a handshake response @ http://localhost:5173/src/api/ws.ts:17
[  320439ms] [ERROR] WebSocket connection to 'ws://localhost:5173/ws' failed: Connection closed before receiving a handshake response @ http://localhost:5173/src/api/ws.ts:17
[  323444ms] [ERROR] WebSocket connection to 'ws://localhost:5173/ws' failed: Connection closed before receiving a handshake response @ http://localhost:5173/src/api/ws.ts:17
[  326448ms] [ERROR] WebSocket connection to 'ws://localhost:5173/ws' failed: Connection closed before receiving a handshake response @ http://localhost:5173/src/api/ws.ts:17
[  329454ms] [ERROR] WebSocket connection to 'ws://localhost:5173/ws' failed: Connection closed before receiving a handshake response @ http://localhost:5173/src/api/ws.ts:17
[  332459ms] [ERROR] WebSocket connection to 'ws://localhost:5173/ws' failed: Connection closed before receiving a handshake response @ http://localhost:5173/src/api/ws.ts:17
[  335465ms] [ERROR] WebSocket connection to 'ws://localhost:5173/ws' failed: Connection closed before receiving a handshake response @ http://localhost:5173/src/api/ws.ts:17
[  338469ms] [ERROR] WebSocket connection to 'ws://localhost:5173/ws' failed: Connection closed before receiving a handshake response @ http://localhost:5173/src/api/ws.ts:17
